# JRE version: OpenJDK Runtime Environment (11.0.13) (build 11.0.13+0-b1751.21-8125866)
# Java VM: OpenJDK 64-Bit Server VM (11.0.13+0-b1751.21-8125866, mixed mode, tiered, compressed oops, g1 gc, windows-amd64)
Heap:
 garbage-first heap   total 98304K, used 33845K [0x00000000c1800000, 0x0000000100000000)
  region size 1024K, 4 young (4096K), 4 survivors (4096K)
 Metaspace       used 48712K, capacity 49312K, committed 49488K, reserved 1093632K
  class space    used 5699K, capacity 5931K, committed 6016K, reserved 1048576K
GC Heap History (19 events):
Event: 0.732 GC heap before
{Heap before GC invocations=0 (full 0):
 garbage-first heap   total 65536K, used 18432K [0x00000000c1800000, 0x0000000100000000)
  region size 1024K, 14 young (14336K), 0 survivors (0K)
 Metaspace       used 9729K, capacity 9842K, committed 10112K, reserved 1058816K
  class space    used 812K, capacity 853K, committed 896K, reserved 1048576K
}
Event: 0.737 GC heap after
{Heap after GC invocations=1 (full 0):
 garbage-first heap   total 65536K, used 6279K [0x00000000c1800000, 0x0000000100000000)
  region size 1024K, 2 young (2048K), 2 survivors (2048K)
 Metaspace       used 9729K, capacity 9842K, committed 10112K, reserved 1058816K
  class space    used 812K, capacity 853K, committed 896K, reserved 1048576K
}
Event: 2.328 GC heap before
{Heap before GC invocations=1 (full 0):
 garbage-first heap   total 65536K, used 43143K [0x00000000c1800000, 0x0000000100000000)
  region size 1024K, 38 young (38912K), 2 survivors (2048K)
 Metaspace       used 17762K, capacity 17925K, committed 18048K, reserved 1064960K
  class space    used 1759K, capacity 1831K, committed 1920K, reserved 1048576K
}
Event: 2.352 GC heap after
{Heap after GC invocations=2 (full 0):
 garbage-first heap   total 65536K, used 10576K [0x00000000c1800000, 0x0000000100000000)
  region size 1024K, 5 young (5120K), 5 survivors (5120K)
 Metaspace       used 17762K, capacity 17925K, committed 18048K, reserved 1064960K
  class space    used 1759K, capacity 1831K, committed 1920K, reserved 1048576K
}
Event: 2.579 GC heap before
{Heap before GC invocations=2 (full 0):
 garbage-first heap   total 65536K, used 16720K [0x00000000c1800000, 0x0000000100000000)
  region size 1024K, 11 young (11264K), 5 survivors (5120K)
 Metaspace       used 19447K, capacity 19668K, committed 19840K, reserved 1067008K
  class space    used 2021K, capacity 2092K, committed 2176K, reserved 1048576K
}
Event: 2.598 GC heap after
{Heap after GC invocations=3 (full 0):
 garbage-first heap   total 65536K, used 11087K [0x00000000c1800000, 0x0000000100000000)
  region size 1024K, 1 young (1024K), 1 survivors (1024K)
 Metaspace       used 19447K, capacity 19668K, committed 19840K, reserved 1067008K
  class space    used 2021K, capacity 2092K, committed 2176K, reserved 1048576K
}
Event: 2.767 GC heap before
{Heap before GC invocations=3 (full 0):
 garbage-first heap   total 65536K, used 15183K [0x00000000c1800000, 0x0000000100000000)
  region size 1024K, 6 young (6144K), 1 survivors (1024K)
 Metaspace       used 20913K, capacity 21179K, committed 21248K, reserved 1069056K
  class space    used 2202K, capacity 2277K, committed 2304K, reserved 1048576K
}
Event: 2.771 GC heap after
{Heap after GC invocations=4 (full 0):
 garbage-first heap   total 65536K, used 11059K [0x00000000c1800000, 0x0000000100000000)
  region size 1024K, 1 young (1024K), 1 survivors (1024K)
 Metaspace       used 20913K, capacity 21179K, committed 21248K, reserved 1069056K
  class space    used 2202K, capacity 2277K, committed 2304K, reserved 1048576K
}
Event: 3.691 GC heap before
{Heap before GC invocations=5 (full 0):
 garbage-first heap   total 65536K, used 37683K [0x00000000c1800000, 0x0000000100000000)
  region size 1024K, 24 young (24576K), 1 survivors (1024K)
 Metaspace       used 27809K, capacity 28253K, committed 28540K, reserved 1075200K
  class space    used 2962K, capacity 3138K, committed 3200K, reserved 1048576K
}
Event: 3.699 GC heap after
{Heap after GC invocations=6 (full 0):
 garbage-first heap   total 65536K, used 16908K [0x00000000c1800000, 0x0000000100000000)
  region size 1024K, 3 young (3072K), 3 survivors (3072K)
 Metaspace       used 27809K, capacity 28253K, committed 28540K, reserved 1075200K
  class space    used 2962K, capacity 3138K, committed 3200K, reserved 1048576K
}
Event: 4.706 GC heap before
{Heap before GC invocations=6 (full 0):
 garbage-first heap   total 65536K, used 41484K [0x00000000c1800000, 0x0000000100000000)
  region size 1024K, 25 young (25600K), 3 survivors (3072K)
 Metaspace       used 31733K, capacity 32242K, committed 32380K, reserved 1077248K
  class space    used 3727K, capacity 3938K, committed 3968K, reserved 1048576K
}
Event: 4.728 GC heap after
{Heap after GC invocations=7 (full 0):
 garbage-first heap   total 78848K, used 22840K [0x00000000c1800000, 0x0000000100000000)
  region size 1024K, 4 young (4096K), 4 survivors (4096K)
 Metaspace       used 31733K, capacity 32242K, committed 32380K, reserved 1077248K
  class space    used 3727K, capacity 3938K, committed 3968K, reserved 1048576K
}
Event: 5.314 GC heap before
{Heap before GC invocations=7 (full 0):
 garbage-first heap   total 78848K, used 38200K [0x00000000c1800000, 0x0000000100000000)
  region size 1024K, 20 young (20480K), 4 survivors (4096K)
 Metaspace       used 35352K, capacity 35841K, committed 36048K, reserved 1081344K
  class space    used 4324K, capacity 4517K, committed 4608K, reserved 1048576K
}
Event: 5.335 GC heap after
{Heap after GC invocations=8 (full 0):
 garbage-first heap   total 78848K, used 25400K [0x00000000c1800000, 0x0000000100000000)
  region size 1024K, 3 young (3072K), 3 survivors (3072K)
 Metaspace       used 35352K, capacity 35841K, committed 36048K, reserved 1081344K
  class space    used 4324K, capacity 4517K, committed 4608K, reserved 1048576K
}
Event: 6.087 GC heap before
{Heap before GC invocations=9 (full 0):
 garbage-first heap   total 78848K, used 47928K [0x00000000c1800000, 0x0000000100000000)
  region size 1024K, 25 young (25600K), 3 survivors (3072K)
 Metaspace       used 38962K, capacity 39463K, committed 39760K, reserved 1083392K
  class space    used 4718K, capacity 4911K, committed 4992K, reserved 1048576K
}
Event: 6.105 GC heap after
{Heap after GC invocations=10 (full 0):
 garbage-first heap   total 78848K, used 25600K [0x00000000c1800000, 0x0000000100000000)
  region size 1024K, 4 young (4096K), 4 survivors (4096K)
 Metaspace       used 38962K, capacity 39463K, committed 39760K, reserved 1083392K
  class space    used 4718K, capacity 4911K, committed 4992K, reserved 1048576K
}
Event: 6.860 GC heap before
{Heap before GC invocations=10 (full 0):
 garbage-first heap   total 78848K, used 49152K [0x00000000c1800000, 0x0000000100000000)
  region size 1024K, 28 young (28672K), 4 survivors (4096K)
 Metaspace       used 43754K, capacity 44281K, committed 44496K, reserved 1089536K
  class space    used 5169K, capacity 5365K, committed 5376K, reserved 1048576K
}
Event: 6.882 GC heap after
{Heap after GC invocations=11 (full 0):
 garbage-first heap   total 78848K, used 28123K [0x00000000c1800000, 0x0000000100000000)
  region size 1024K, 3 young (3072K), 3 survivors (3072K)
 Metaspace       used 43754K, capacity 44281K, committed 44496K, reserved 1089536K
  class space    used 5169K, capacity 5365K, committed 5376K, reserved 1048576K
}
Event: 7.964 GC heap before
{Heap before GC invocations=11 (full 0):
 garbage-first heap   total 78848K, used 54747K [0x00000000c1800000, 0x0000000100000000)
  region size 1024K, 27 young (27648K), 3 survivors (3072K)
 Metaspace       used 48712K, capacity 49312K, committed 49488K, reserved 1093632K
  class space    used 5699K, capacity 5931K, committed 6016K, reserved 1048576K
}

