# JRE version: OpenJDK Runtime Environment (11.0.13) (build 11.0.13+0-b1751.21-8125866)
# Java VM: OpenJDK 64-Bit Server VM (11.0.13+0-b1751.21-8125866, mixed mode, tiered, compressed oops, g1 gc, windows-amd64)
Heap:
 garbage-first heap   total 78848K, used 24295K [0x00000000c1800000, 0x0000000100000000)
  region size 1024K, 6 young (6144K), 4 survivors (4096K)
 Metaspace       used 31679K, capacity 32178K, committed 32380K, reserved 1077248K
  class space    used 3727K, capacity 3938K, committed 3968K, reserved 1048576K
GC Heap History (10 events):
Event: 0.836 GC heap before
{Heap before GC invocations=0 (full 0):
 garbage-first heap   total 65536K, used 18432K [0x00000000c1800000, 0x0000000100000000)
  region size 1024K, 14 young (14336K), 0 survivors (0K)
 Metaspace       used 9732K, capacity 9842K, committed 10112K, reserved 1058816K
  class space    used 812K, capacity 853K, committed 896K, reserved 1048576K
}
Event: 0.841 GC heap after
{Heap after GC invocations=1 (full 0):
 garbage-first heap   total 65536K, used 6457K [0x00000000c1800000, 0x0000000100000000)
  region size 1024K, 2 young (2048K), 2 survivors (2048K)
 Metaspace       used 9732K, capacity 9842K, committed 10112K, reserved 1058816K
  class space    used 812K, capacity 853K, committed 896K, reserved 1048576K
}
Event: 2.098 GC heap before
{Heap before GC invocations=1 (full 0):
 garbage-first heap   total 65536K, used 43321K [0x00000000c1800000, 0x0000000100000000)
  region size 1024K, 38 young (38912K), 2 survivors (2048K)
 Metaspace       used 17512K, capacity 17701K, committed 18048K, reserved 1064960K
  class space    used 1726K, capacity 1799K, committed 1920K, reserved 1048576K
}
Event: 2.122 GC heap after
{Heap after GC invocations=2 (full 0):
 garbage-first heap   total 65536K, used 10315K [0x00000000c1800000, 0x0000000100000000)
  region size 1024K, 5 young (5120K), 5 survivors (5120K)
 Metaspace       used 17512K, capacity 17701K, committed 18048K, reserved 1064960K
  class space    used 1726K, capacity 1799K, committed 1920K, reserved 1048576K
}
Event: 2.531 GC heap before
{Heap before GC invocations=2 (full 0):
 garbage-first heap   total 65536K, used 21579K [0x00000000c1800000, 0x0000000100000000)
  region size 1024K, 17 young (17408K), 5 survivors (5120K)
 Metaspace       used 20843K, capacity 21115K, committed 21248K, reserved 1069056K
  class space    used 2202K, capacity 2277K, committed 2304K, reserved 1048576K
}
Event: 2.545 GC heap after
{Heap after GC invocations=3 (full 0):
 garbage-first heap   total 65536K, used 11506K [0x00000000c1800000, 0x0000000100000000)
  region size 1024K, 1 young (1024K), 1 survivors (1024K)
 Metaspace       used 20843K, capacity 21115K, committed 21248K, reserved 1069056K
  class space    used 2202K, capacity 2277K, committed 2304K, reserved 1048576K
}
Event: 3.508 GC heap before
{Heap before GC invocations=4 (full 0):
 garbage-first heap   total 65536K, used 39154K [0x00000000c1800000, 0x0000000100000000)
  region size 1024K, 24 young (24576K), 1 survivors (1024K)
 Metaspace       used 27765K, capacity 28253K, committed 28540K, reserved 1075200K
  class space    used 2961K, capacity 3138K, committed 3200K, reserved 1048576K
}
Event: 3.517 GC heap after
{Heap after GC invocations=5 (full 0):
 garbage-first heap   total 65536K, used 17165K [0x00000000c1800000, 0x0000000100000000)
  region size 1024K, 3 young (3072K), 3 survivors (3072K)
 Metaspace       used 27765K, capacity 28253K, committed 28540K, reserved 1075200K
  class space    used 2961K, capacity 3138K, committed 3200K, reserved 1048576K
}
Event: 4.389 GC heap before
{Heap before GC invocations=5 (full 0):
 garbage-first heap   total 65536K, used 41741K [0x00000000c1800000, 0x0000000100000000)
  region size 1024K, 26 young (26624K), 3 survivors (3072K)
 Metaspace       used 31679K, capacity 32178K, committed 32380K, reserved 1077248K
  class space    used 3727K, capacity 3938K, committed 3968K, reserved 1048576K
}
Event: 4.413 GC heap after
{Heap after GC invocations=6 (full 0):
 garbage-first heap   total 78848K, used 23271K [0x00000000c1800000, 0x0000000100000000)
  region size 1024K, 4 young (4096K), 4 survivors (4096K)
 Metaspace       used 31679K, capacity 32178K, committed 32380K, reserved 1077248K
  class space    used 3727K, capacity 3938K, committed 3968K, reserved 1048576K
}

