# JRE version: OpenJDK Runtime Environment (11.0.13) (build 11.0.13+0-b1751.21-8125866)
# Java VM: OpenJDK 64-Bit Server VM (11.0.13+0-b1751.21-8125866, mixed mode, tiered, compressed oops, g1 gc, windows-amd64)
Heap:
 garbage-first heap   total 65536K, used 17118K [0x00000000c1800000, 0x0000000100000000)
  region size 1024K, 1 young (1024K), 1 survivors (1024K)
 Metaspace       used 28402K, capacity 28820K, committed 28924K, reserved 1083392K
  class space    used 3056K, capacity 3244K, committed 3328K, reserved 1048576K
GC Heap History (12 events):
Event: 0.848 GC heap before
{Heap before GC invocations=0 (full 0):
 garbage-first heap   total 65536K, used 18432K [0x00000000c1800000, 0x0000000100000000)
  region size 1024K, 14 young (14336K), 0 survivors (0K)
 Metaspace       used 9734K, capacity 9842K, committed 10112K, reserved 1058816K
  class space    used 813K, capacity 853K, committed 896K, reserved 1048576K
}
Event: 0.855 GC heap after
{Heap after GC invocations=1 (full 0):
 garbage-first heap   total 65536K, used 6494K [0x00000000c1800000, 0x0000000100000000)
  region size 1024K, 2 young (2048K), 2 survivors (2048K)
 Metaspace       used 9734K, capacity 9842K, committed 10112K, reserved 1058816K
  class space    used 813K, capacity 853K, committed 896K, reserved 1048576K
}
Event: 2.254 GC heap before
{Heap before GC invocations=1 (full 0):
 garbage-first heap   total 65536K, used 43358K [0x00000000c1800000, 0x0000000100000000)
  region size 1024K, 38 young (38912K), 2 survivors (2048K)
 Metaspace       used 17586K, capacity 17829K, committed 18048K, reserved 1064960K
  class space    used 1728K, capacity 1799K, committed 1920K, reserved 1048576K
}
Event: 2.270 GC heap after
{Heap after GC invocations=2 (full 0):
 garbage-first heap   total 65536K, used 10318K [0x00000000c1800000, 0x0000000100000000)
  region size 1024K, 5 young (5120K), 5 survivors (5120K)
 Metaspace       used 17586K, capacity 17829K, committed 18048K, reserved 1064960K
  class space    used 1728K, capacity 1799K, committed 1920K, reserved 1048576K
}
Event: 2.608 GC heap before
{Heap before GC invocations=2 (full 0):
 garbage-first heap   total 65536K, used 18510K [0x00000000c1800000, 0x0000000100000000)
  region size 1024K, 13 young (13312K), 5 survivors (5120K)
 Metaspace       used 19978K, capacity 20249K, committed 20480K, reserved 1067008K
  class space    used 2106K, capacity 2198K, committed 2304K, reserved 1048576K
}
Event: 2.622 GC heap after
{Heap after GC invocations=3 (full 0):
 garbage-first heap   total 65536K, used 11379K [0x00000000c1800000, 0x0000000100000000)
  region size 1024K, 1 young (1024K), 1 survivors (1024K)
 Metaspace       used 19978K, capacity 20249K, committed 20480K, reserved 1067008K
  class space    used 2106K, capacity 2198K, committed 2304K, reserved 1048576K
}
Event: 2.755 GC heap before
{Heap before GC invocations=3 (full 0):
 garbage-first heap   total 65536K, used 13427K [0x00000000c1800000, 0x0000000100000000)
  region size 1024K, 4 young (4096K), 1 survivors (1024K)
 Metaspace       used 20790K, capacity 21042K, committed 21248K, reserved 1069056K
  class space    used 2201K, capacity 2274K, committed 2304K, reserved 1048576K
}
Event: 2.757 GC heap after
{Heap after GC invocations=4 (full 0):
 garbage-first heap   total 65536K, used 11067K [0x00000000c1800000, 0x0000000100000000)
  region size 1024K, 1 young (1024K), 1 survivors (1024K)
 Metaspace       used 20790K, capacity 21042K, committed 21248K, reserved 1069056K
  class space    used 2201K, capacity 2274K, committed 2304K, reserved 1048576K
}
Event: 3.712 GC heap before
{Heap before GC invocations=5 (full 0):
 garbage-first heap   total 65536K, used 36667K [0x00000000c1800000, 0x0000000100000000)
  region size 1024K, 23 young (23552K), 1 survivors (1024K)
 Metaspace       used 27409K, capacity 27842K, committed 27900K, reserved 1075200K
  class space    used 2916K, capacity 3061K, committed 3072K, reserved 1048576K
}
Event: 3.717 GC heap after
{Heap after GC invocations=6 (full 0):
 garbage-first heap   total 65536K, used 16789K [0x00000000c1800000, 0x0000000100000000)
  region size 1024K, 3 young (3072K), 3 survivors (3072K)
 Metaspace       used 27409K, capacity 27842K, committed 27900K, reserved 1075200K
  class space    used 2916K, capacity 3061K, committed 3072K, reserved 1048576K
}
Event: 3.863 GC heap before
{Heap before GC invocations=6 (full 0):
 garbage-first heap   total 65536K, used 19861K [0x00000000c1800000, 0x0000000100000000)
  region size 1024K, 8 young (8192K), 3 survivors (3072K)
 Metaspace       used 28402K, capacity 28820K, committed 28924K, reserved 1081344K
  class space    used 3056K, capacity 3244K, committed 3328K, reserved 1048576K
}
Event: 3.872 GC heap after
{Heap after GC invocations=7 (full 0):
 garbage-first heap   total 65536K, used 17118K [0x00000000c1800000, 0x0000000100000000)
  region size 1024K, 1 young (1024K), 1 survivors (1024K)
 Metaspace       used 28402K, capacity 28820K, committed 28924K, reserved 1081344K
  class space    used 3056K, capacity 3244K, committed 3328K, reserved 1048576K
}

