# JRE version: OpenJDK Runtime Environment (11.0.13) (build 11.0.13+0-b1751.21-8125866)
# Java VM: OpenJDK 64-Bit Server VM (11.0.13+0-b1751.21-8125866, mixed mode, tiered, compressed oops, g1 gc, windows-amd64)
Heap:
 garbage-first heap   total 65536K, used 28323K [0x00000000c1800000, 0x0000000100000000)
  region size 1024K, 15 young (15360K), 3 survivors (3072K)
 Metaspace       used 31585K, capacity 32108K, committed 32380K, reserved 1077248K
  class space    used 3719K, capacity 3936K, committed 3964K, reserved 1048576K
GC Heap History (8 events):
Event: 2.792 GC heap before
{Heap before GC invocations=0 (full 0):
 garbage-first heap   total 65536K, used 18432K [0x00000000c1800000, 0x0000000100000000)
  region size 1024K, 14 young (14336K), 0 survivors (0K)
 Metaspace       used 9754K, capacity 9842K, committed 10112K, reserved 1058816K
  class space    used 815K, capacity 853K, committed 896K, reserved 1048576K
}
Event: 2.808 GC heap after
{Heap after GC invocations=1 (full 0):
 garbage-first heap   total 65536K, used 6303K [0x00000000c1800000, 0x0000000100000000)
  region size 1024K, 2 young (2048K), 2 survivors (2048K)
 Metaspace       used 9754K, capacity 9842K, committed 10112K, reserved 1058816K
  class space    used 815K, capacity 853K, committed 896K, reserved 1048576K
}
Event: 6.917 GC heap before
{Heap before GC invocations=1 (full 0):
 garbage-first heap   total 65536K, used 43167K [0x00000000c1800000, 0x0000000100000000)
  region size 1024K, 38 young (38912K), 2 survivors (2048K)
 Metaspace       used 17874K, capacity 18053K, committed 18304K, reserved 1064960K
  class space    used 1761K, capacity 1831K, committed 1920K, reserved 1048576K
}
Event: 6.949 GC heap after
{Heap after GC invocations=2 (full 0):
 garbage-first heap   total 65536K, used 10325K [0x00000000c1800000, 0x0000000100000000)
  region size 1024K, 5 young (5120K), 5 survivors (5120K)
 Metaspace       used 17874K, capacity 18053K, committed 18304K, reserved 1064960K
  class space    used 1761K, capacity 1831K, committed 1920K, reserved 1048576K
}
Event: 7.867 GC heap before
{Heap before GC invocations=2 (full 0):
 garbage-first heap   total 65536K, used 20565K [0x00000000c1800000, 0x0000000100000000)
  region size 1024K, 16 young (16384K), 5 survivors (5120K)
 Metaspace       used 20934K, capacity 21170K, committed 21248K, reserved 1069056K
  class space    used 2195K, capacity 2274K, committed 2304K, reserved 1048576K
}
Event: 7.903 GC heap after
{Heap after GC invocations=3 (full 0):
 garbage-first heap   total 65536K, used 11367K [0x00000000c1800000, 0x0000000100000000)
  region size 1024K, 1 young (1024K), 1 survivors (1024K)
 Metaspace       used 20934K, capacity 21170K, committed 21248K, reserved 1069056K
  class space    used 2195K, capacity 2274K, committed 2304K, reserved 1048576K
}
Event: 9.836 GC heap before
{Heap before GC invocations=4 (full 0):
 garbage-first heap   total 65536K, used 36967K [0x00000000c1800000, 0x0000000100000000)
  region size 1024K, 23 young (23552K), 1 survivors (1024K)
 Metaspace       used 27634K, capacity 28086K, committed 28284K, reserved 1075200K
  class space    used 2927K, capacity 3103K, committed 3196K, reserved 1048576K
}
Event: 9.845 GC heap after
{Heap after GC invocations=5 (full 0):
 garbage-first heap   total 65536K, used 17059K [0x00000000c1800000, 0x0000000100000000)
  region size 1024K, 3 young (3072K), 3 survivors (3072K)
 Metaspace       used 27634K, capacity 28086K, committed 28284K, reserved 1075200K
  class space    used 2927K, capacity 3103K, committed 3196K, reserved 1048576K
}

